src/app/(auth)/admin/pricing/page.tsx(619,13): error TS2322: Type '(rule: any) => ({ label: string; onClick: () => void; variant?: undefined; } | { label: string; onClick: () => Promise<void>; variant: string; })[]' is not assignable to type '{ label: string; icon?: ReactNode; onClick: (row: PriceRule) => void; variant?: "default" | "outline" | "destructive" | undefined; disabled?: ((row: PriceRule) => boolean) | undefined; }[]'.
src/app/(dashboard)/admin/menus/components/menu-item-editor.tsx(83,11): error TS2741: Property 'id' is missing in type '{ title: string; type: "P"; icon: string; orderIndex: number; isVisible: true; children: never[]; }' but required in type 'MenuItem'.
src/app/(dashboard)/admin/users/users-datatable.tsx(474,9): error TS2322: Type '(row: User, column: ColumnConfig<User>, value: JsonValue) => void' is not assignable to type '(row: User, column: ColumnConfig<User>, value: unknown) => void'.
  Types of parameters 'value' and 'value' are incompatible.
    Type 'unknown' is not assignable to type 'JsonValue'.
src/app/(dashboard)/test-datatable/page.tsx(242,15): error TS2322: Type '{ pageSize: number; pageSizeOptions: number[]; }' is not assignable to type 'boolean | PaginationConfig | undefined'.
  Type '{ pageSize: number; pageSizeOptions: number[]; }' is missing the following properties from type 'PaginationConfig': page, total
src/app/(dashboard)/test-datatable/page.tsx(263,33): error TS2345: Argument of type 'Set<string | number>' is not assignable to parameter of type 'SetStateAction<Set<string>>'.
  Type 'Set<string | number>' is not assignable to type 'Set<string>'.
    Type 'string | number' is not assignable to type 'string'.
      Type 'number' is not assignable to type 'string'.
src/app/api/notifications/route.ts(99,36): error TS2345: Argument of type '{ id: {}; type: {}; category: {}; title: {}; message: {}; priority: {}; source: unknown; entity_type: unknown; entity_id: unknown; data: unknown; recipient_type: {}; recipient_id: unknown; action_url: unknown; action_label: unknown; action_type: {}; expires_at: unknown; ... 4 more ...; read_at: null; }' is not assignable to parameter of type 'Notification'.
  Types of property 'id' are incompatible.
    Type '{}' is not assignable to type 'string'.
src/app/api/notifications/route.ts(169,55): error TS2552: Cannot find name 'NotificationType'. Did you mean 'Notification'?
src/app/api/notifications/route.ts(170,63): error TS2304: Cannot find name 'NotificationPriority'.
src/app/api/notifications/route.ts(171,7): error TS2353: Object literal may only specify known properties, and 'unreadOnly' does not exist in type 'NotificationFilters'.
src/app/api/notifications/rules/[id]/test/route.ts(55,71): error TS2345: Argument of type 'unknown' is not assignable to parameter of type 'string'.
src/app/api/notifications/rules/[id]/test/route.ts(58,72): error TS2345: Argument of type 'unknown' is not assignable to parameter of type 'string'.
src/app/api/notifications/rules/[id]/test/route.ts(61,73): error TS2345: Argument of type 'unknown' is not assignable to parameter of type 'string'.
src/app/api/notifications/rules/[id]/test/route.ts(64,71): error TS2345: Argument of type 'unknown' is not assignable to parameter of type 'string'.
src/app/api/notifications/rules/[id]/test/route.ts(92,36): error TS2769: No overload matches this call.
  Overload 1 of 3, '(pattern: string | RegExp, flags?: string | undefined): RegExp', gave the following error.
    Argument of type 'unknown' is not assignable to parameter of type 'string | RegExp'.
  Overload 2 of 3, '(pattern: string | RegExp): RegExp', gave the following error.
    Argument of type 'unknown' is not assignable to parameter of type 'string | RegExp'.
  Overload 3 of 3, '(pattern: string, flags?: string | undefined): RegExp', gave the following error.
    Argument of type 'unknown' is not assignable to parameter of type 'string'.
src/app/api/notifications/rules/[id]/test/route.ts(109,9): error TS2322: Type 'unknown' is not assignable to type 'Record<string, unknown>'.
src/app/api/notifications/rules/[id]/test/route.ts(144,14): error TS2362: The left-hand side of an arithmetic operation must be of type 'any', 'number', 'bigint' or an enum type.
src/app/api/notifications/rules/[id]/test/route.ts(144,36): error TS2363: The right-hand side of an arithmetic operation must be of type 'any', 'number', 'bigint' or an enum type.
src/app/api/notifications/rules/[id]/test/route.ts(246,65): error TS2345: Argument of type 'NotificationCondition[] | undefined' is not assignable to parameter of type '{ field: string; operator: string; value: unknown; logic?: "AND" | "OR" | undefined; }[]'.
  Type 'undefined' is not assignable to type '{ field: string; operator: string; value: unknown; logic?: "AND" | "OR" | undefined; }[]'.
src/app/api/notifications/rules/[id]/test/route.ts(262,7): error TS2345: Argument of type 'string | undefined' is not assignable to parameter of type 'string'.
  Type 'undefined' is not assignable to type 'string'.
src/app/api/notifications/rules/[id]/test/route.ts(267,56): error TS2345: Argument of type 'string | undefined' is not assignable to parameter of type 'string'.
  Type 'undefined' is not assignable to type 'string'.
src/app/api/notifications/rules/[id]/test/route.ts(268,58): error TS2345: Argument of type 'string | undefined' is not assignable to parameter of type 'string'.
  Type 'undefined' is not assignable to type 'string'.
src/app/api/notifications/rules/[id]/test/route.ts(282,17): error TS18048: 'config' is possibly 'undefined'.
src/app/api/notifications/rules/[id]/test/route.ts(283,21): error TS18048: 'config' is possibly 'undefined'.
src/app/api/notifications/rules/[id]/test/route.ts(284,21): error TS18048: 'config' is possibly 'undefined'.
src/app/api/notifications/rules/[id]/test/route.ts(286,24): error TS18048: 'config' is possibly 'undefined'.
src/app/api/search/images/route.ts(60,9): error TS2353: Object literal may only specify known properties, and 'from' does not exist in type '{ start?: string | undefined; end?: string | undefined; }'.
src/app/api/search/images/route.ts(76,54): error TS2339: Property 'searchImages' does not exist on type 'ImageElasticsearchService'.
src/app/api/user/menu-preferences/custom-menu/route.ts(18,13): error TS2552: Cannot find name 'UserMenuItem'. Did you mean '_UserMenuItem'?
src/app/api/user/menu-preferences/selected-pages/route.ts(23,9): error TS2322: Type 'any[]' is not assignable to type 'never[]'.
  Type 'any' is not assignable to type 'never'.
src/components/admin/bulk-profile-management.tsx(378,52): error TS2322: Type 'string | undefined' is not assignable to type 'string'.
  Type 'undefined' is not assignable to type 'string'.
src/components/admin/bulk-user-assignment.tsx(159,29): error TS2345: Argument of type '{ groupId: string; userId: string; assignedAt: string; }' is not assignable to parameter of type 'never'.
src/components/admin/bulk-user-assignment.tsx(253,52): error TS2322: Type 'string | undefined' is not assignable to type 'string'.
  Type 'undefined' is not assignable to type 'string'.
src/components/admin/bulk-user-assignment.tsx(269,52): error TS2322: Type 'string | undefined' is not assignable to type 'string'.
  Type 'undefined' is not assignable to type 'string'.
src/components/admin/bulk-user-assignment.tsx(281,27): error TS2322: Type 'Dispatch<SetStateAction<boolean>>' is not assignable to type '(checked: CheckedState) => void'.
  Types of parameters 'value' and 'checked' are incompatible.
    Type 'CheckedState' is not assignable to type 'SetStateAction<boolean>'.
      Type '"indeterminate"' is not assignable to type 'SetStateAction<boolean>'.
src/components/admin/elasticsearch-admin.tsx(375,52): error TS2339: Property 'documentCount' does not exist on type '{ exists: boolean; health?: string | undefined; status?: string | undefined; docsCount?: number | undefined; }'.
src/components/admin/societes-management-panel.tsx(121,16): error TS18046: 'error' is of type 'unknown'.
src/components/admin/societes-management-panel.tsx(144,16): error TS18046: 'error' is of type 'unknown'.
src/components/admin/societes-management-panel.tsx(165,16): error TS18046: 'error' is of type 'unknown'.
src/components/admin/translation-admin.tsx(109,13): error TS7030: Not all code paths return a value.
src/components/auth/company-selector.tsx(150,7): error TS2322: Type '{ key: string; value: string; icon: string; color: string; order: number; permissions: string[]; category: string; translationKey: string | null; }[]' is not assignable to type 'RoleData[]'.
  Type '{ key: string; value: string; icon: string; color: string; order: number; permissions: string[]; category: string; translationKey: string | null; }' is not assignable to type 'RoleData'.
    Types of property 'translationKey' are incompatible.
      Type 'string | null' is not assignable to type 'string | undefined'.
        Type 'null' is not assignable to type 'string | undefined'.
src/components/auth/company-selector.tsx(162,26): error TS2345: Argument of type 'RoleData[] | null' is not assignable to parameter of type 'RoleData[]'.
  Type 'null' is not assignable to type 'RoleData[]'.
src/components/auth/company-selector.tsx(163,7): error TS2322: Type 'RoleData[] | null' is not assignable to type 'RoleData[]'.
  Type 'null' is not assignable to type 'RoleData[]'.
src/components/auth/company-selector.tsx(467,9): error TS2322: Type 'import("D:/GitHub/TopSteel/apps/web/src/types/auth").Company[]' is not assignable to type 'Company[]'.
  Type 'import("D:/GitHub/TopSteel/apps/web/src/types/auth").Company' is not assignable to type 'Company'.
    Types of property 'sites' are incompatible.
      Type 'unknown[] | undefined' is not assignable to type '{ id: string; name: string; }[] | undefined'.
        Type 'unknown[]' is not assignable to type '{ id: string; name: string; }[]'.
          Type 'unknown' is not assignable to type '{ id: string; name: string; }'.
src/components/auth/company-selector.tsx(471,9): error TS2740: Type '{}' is missing the following properties from type 'Company[]': length, pop, push, concat, and 29 more.
src/components/auth/mfa-verification.tsx(118,9): error TS2322: Type 'unknown' is not assignable to type 'PublicKeyCredentialRequestOptions | undefined'.
src/components/auth/tab-sync-notification.tsx(33,27): error TS2339: Property 'tabId' does not exist on type 'MessageEvent<any>'.
src/components/auth/tab-sync-notification.tsx(33,62): error TS2339: Property 'data' does not exist on type '{}'.
src/components/client-only.tsx(408,3): error TS2779: The left-hand side of an assignment expression may not be an optional property access.
src/components/facturation/create-devis-dialog.tsx(113,17): error TS2322: Type '(e: React.ChangeEvent<HTMLInputElement>) => void' is not assignable to type 'ChangeEventHandler<HTMLTextAreaElement>'.
  Types of parameters 'e' and 'event' are incompatible.
    Type 'ChangeEvent<HTMLTextAreaElement>' is not assignable to type 'ChangeEvent<HTMLInputElement>'.
      Type 'HTMLTextAreaElement' is missing the following properties from type 'HTMLInputElement': accept, align, alt, capture, and 29 more.
src/components/facturation/devis-filters.tsx(20,32): error TS2339: Property '_onFiltersChange' does not exist on type 'DevisFiltersProps'.
src/components/facturation/factures-filters.tsx(19,35): error TS2339: Property '_onFiltersChange' does not exist on type 'FacturesFiltersProps'.
src/components/index.ts(21,10): error TS2724: '"./devtools-wrapper"' has no exported member named 'DevtoolsWrapper'. Did you mean 'DevToolsWrapper'?
src/components/index.ts(39,1): error TS2308: Module './notifications' has already exported a member named 'NotificationSettings'. Consider explicitly re-exporting to resolve the ambiguity.
src/components/layout/header.tsx(21,3): error TS2339: Property '_onToggleSidebar' does not exist on type 'HeaderProps'.
src/components/layout/header.tsx(22,3): error TS2339: Property '_isSidebarCollapsed' does not exist on type 'HeaderProps'.
src/components/lazy/lazy-imports.tsx(100,20): error TS2339: Property 'default' does not exist on type 'typeof import("D:/GitHub/TopSteel/apps/web/src/components/query-builder/visual-query-builder")'.
src/components/lazy/lazy-imports.tsx(109,81): error TS2339: Property 'default' does not exist on type 'typeof import("D:/GitHub/TopSteel/apps/web/src/components/query-builder/table-selector")'.
src/components/lazy/lazy-imports.tsx(118,81): error TS2339: Property 'default' does not exist on type 'typeof import("D:/GitHub/TopSteel/apps/web/src/components/articles/article-form-dialog")'.
src/components/lazy/lazy-imports.tsx(160,20): error TS2339: Property 'default' does not exist on type 'typeof import("D:/GitHub/TopSteel/apps/web/src/app/(dashboard)/admin/marketplace/components/module-publisher")'.
src/components/lazy/lazy-imports.tsx(208,76): error TS2339: Property 'default' does not exist on type 'typeof import("D:/GitHub/TopSteel/apps/web/src/components/facturation/devis-table")'.
src/components/lazy/lazy-imports.tsx(216,79): error TS2339: Property 'default' does not exist on type 'typeof import("D:/GitHub/TopSteel/apps/web/src/components/facturation/factures-table")'.
